app/build/intermediates/manifest_merge_blame_file/debug/manifest-merger-blame-debug-report.txt
1<?xml version="1.0" encoding="utf-8"?>
2<manifest xmlns:android="http://schemas.android.com/apk/res/android"
3    package="com.example.nfcmessenger"
4    android:versionCode="1"
5    android:versionName="1.0" >
6
7    <uses-sdk
8        android:minSdkVersion="15"
8-->src/main/AndroidManifest.xml
9        android:targetSdkVersion="28" />
9-->src/main/AndroidManifest.xml
10
11    <uses-permission android:name="android.permission.NFC" />
11-->src/main/AndroidManifest.xml:6:5-62
11-->src/main/AndroidManifest.xml:6:22-59
12    <uses-permission android:name="android.permission.INTERNET" />
12-->src/main/AndroidManifest.xml:7:5-67
12-->src/main/AndroidManifest.xml:7:22-64
13
14    <uses-feature
14-->src/main/AndroidManifest.xml:8:5-80
15        android:name="android.hardware.nfc"
15-->src/main/AndroidManifest.xml:8:19-54
16        android:required="true" />
16-->src/main/AndroidManifest.xml:8:55-78
17
18    <application
18-->src/main/AndroidManifest.xml:10:5-31:19
19        android:allowBackup="true"
19-->src/main/AndroidManifest.xml:11:9-35
20        android:appComponentFactory="androidx.core.app.CoreComponentFactory"
20-->[androidx.core:core:1.0.1] AndroidManifest.xml:22:18-86
21        android:debuggable="true"
22        android:icon="@mipmap/ic_launcher"
22-->src/main/AndroidManifest.xml:12:9-43
23        android:label="@string/app_name"
23-->src/main/AndroidManifest.xml:13:9-41
24        android:roundIcon="@mipmap/ic_launcher_round"
24-->src/main/AndroidManifest.xml:14:9-54
25        android:supportsRtl="true"
25-->src/main/AndroidManifest.xml:15:9-35
26        android:theme="@style/AppTheme" >
26-->src/main/AndroidManifest.xml:16:9-40
27        <activity
27-->src/main/AndroidManifest.xml:18:9-30:20
28            android:name="com.example.nfcapp.MainActivity"
28-->src/main/AndroidManifest.xml:18:51-79
29            android:label="@string/app_name"
29-->src/main/AndroidManifest.xml:18:80-112
30            android:launchMode="singleTask" >
30-->src/main/AndroidManifest.xml:18:19-50
31            <intent-filter>
31-->src/main/AndroidManifest.xml:19:13-23:29
32                <action android:name="android.intent.action.MAIN" />
32-->src/main/AndroidManifest.xml:20:17-69
32-->src/main/AndroidManifest.xml:20:25-66
33
34                <category android:name="android.intent.category.LAUNCHER" />
34-->src/main/AndroidManifest.xml:22:17-77
34-->src/main/AndroidManifest.xml:22:27-74
35            </intent-filter>
36            <intent-filter>
36-->src/main/AndroidManifest.xml:25:13-29:29
37                <action android:name="android.nfc.action.NDEF_DISCOVERED" />
37-->src/main/AndroidManifest.xml:26:17-77
37-->src/main/AndroidManifest.xml:26:25-74
38
39                <category android:name="android.intent.category.DEFAULT" />
39-->src/main/AndroidManifest.xml:27:17-75
39-->src/main/AndroidManifest.xml:27:27-73
40
41                <data android:mimeType="text/plain" />
41-->src/main/AndroidManifest.xml:28:17-55
41-->src/main/AndroidManifest.xml:28:23-52
42            </intent-filter>
43        </activity>
44    </application>
45
46</manifest>